<?xml version="1.0" encoding="UTF-8"?>
<testng-results ignored="0" total="1" passed="1" failed="0" skipped="0">
  <reporter-output>
  </reporter-output>
  <suite started-at="2024-11-22T11:26:45 IST" name="Default suite" finished-at="2024-11-22T11:26:49 IST" duration-ms="4211">
    <groups>
    </groups>
    <test started-at="2024-11-22T11:26:45 IST" name="Default test" finished-at="2024-11-22T11:26:49 IST" duration-ms="4211">
      <class name="Azij.ExtentReports.ExtentReportsDemo">
        <test-method is-config="true" signature="config()[pri:0, instance:Azij.ExtentReports.ExtentReportsDemo@2925bf5b]" started-at="2024-11-22T11:26:45 IST" name="config" finished-at="2024-11-22T11:26:45 IST" duration-ms="262" status="PASS">
          <reporter-output>
          </reporter-output>
        </test-method> <!-- config -->
        <test-method signature="initialDemo()[pri:0, instance:Azij.ExtentReports.ExtentReportsDemo@2925bf5b]" started-at="2024-11-22T11:26:45 IST" name="initialDemo" finished-at="2024-11-22T11:26:49 IST" duration-ms="3908" status="PASS">
          <reporter-output>
          </reporter-output>
        </test-method> <!-- initialDemo -->
      </class> <!-- Azij.ExtentReports.ExtentReportsDemo -->
    </test> <!-- Default test -->
  </suite> <!-- Default suite -->
</testng-results>
